<?xml version="1.0" encoding="UTF-8"?>
<!-- Generated by org.testng.reporters.JUnitXMLReporter -->
<testsuite hostname="LAPTOP-SQ84VLKK" ignored="22" name="SFDC-Chrome test" tests="11" failures="0" timestamp="2020-04-14T23:07:47 PDT" time="322.753" errors="0">
  <testcase name="BrowserName" time="0.11" classname="sfdc.reusable_code.Select_Browser"/>
  <testcase name="TC_01_LoginErrorMessage" time="7.695" classname="sfdc.testcases.SFDC_TC_01"/>
  <testcase name="TC_02_LoginToSalesForce" time="22.251" classname="sfdc.testcases.SFDC_TC_02"/>
  <testcase name="TC_03_CheckRememberMe" time="21.305" classname="sfdc.testcases.SFDC_TC_03"/>
  <testcase name="TC_04_A_ForgotPassword" time="8.565" classname="sfdc.testcases.SFDC_TC_04"/>
  <testcase name="TC_04_B_ForgotPassword" time="10.022" classname="sfdc.testcases.SFDC_TC_05"/>
  <testcase name="TC_05_UserMenu" time="16.866" classname="sfdc.testcases.SFDC_TC_06"/>
  <testcase name="TC_08_UserMenu" time="31.125" classname="sfdc.testcases.SFDC_TC_07"/>
  <testcase name="TC_09_UserMenu" time="18.149" classname="sfdc.testcases.SFDC_TC_08"/>
  <testcase name="TC_17_Pipeline" time="66.708" classname="sfdc.testcases.SFDC_TC_09"/>
  <testcase name="TC_18_Stuck" time="42.335" classname="sfdc.testcases.SFDC_TC_10"/>
  <testcase name="@AfterTest callCloseReport" time="0.0" classname="sfdc.testcases.SFDC_Test_Base">
    <ignored/>
  </testcase> <!-- @AfterTest callCloseReport -->
  <testcase name="@AfterTest callCloseReport" time="0.0" classname="sfdc.testcases.SFDC_Test_Base">
    <ignored/>
  </testcase> <!-- @AfterTest callCloseReport -->
  <testcase name="@AfterTest callCloseReport" time="0.0" classname="sfdc.testcases.SFDC_Test_Base">
    <ignored/>
  </testcase> <!-- @AfterTest callCloseReport -->
  <testcase name="@AfterTest callCloseReport" time="0.0" classname="sfdc.testcases.SFDC_Test_Base">
    <ignored/>
  </testcase> <!-- @AfterTest callCloseReport -->
  <testcase name="@AfterTest callCloseReport" time="0.0" classname="sfdc.testcases.SFDC_Test_Base">
    <ignored/>
  </testcase> <!-- @AfterTest callCloseReport -->
  <testcase name="@AfterTest callCloseReport" time="0.0" classname="sfdc.testcases.SFDC_Test_Base">
    <ignored/>
  </testcase> <!-- @AfterTest callCloseReport -->
  <testcase name="@AfterTest callCloseReport" time="0.0" classname="sfdc.testcases.SFDC_Test_Base">
    <ignored/>
  </testcase> <!-- @AfterTest callCloseReport -->
  <testcase name="@AfterTest callCloseReport" time="0.0" classname="sfdc.testcases.SFDC_Test_Base">
    <ignored/>
  </testcase> <!-- @AfterTest callCloseReport -->
  <testcase name="@AfterTest callCloseReport" time="0.0" classname="sfdc.testcases.SFDC_Test_Base">
    <ignored/>
  </testcase> <!-- @AfterTest callCloseReport -->
  <testcase name="@AfterTest callCloseReport" time="0.0" classname="sfdc.testcases.SFDC_Test_Base">
    <ignored/>
  </testcase> <!-- @AfterTest callCloseReport -->
  <testcase name="@AfterTest callCloseReport" time="0.0" classname="sfdc.testcases.SFDC_Test_Base">
    <ignored/>
  </testcase> <!-- @AfterTest callCloseReport -->
  <testcase name="@BeforeTest callCreateReport" time="0.0" classname="sfdc.testcases.SFDC_Test_Base">
    <ignored/>
  </testcase> <!-- @BeforeTest callCreateReport -->
  <testcase name="@BeforeTest callCreateReport" time="0.0" classname="sfdc.testcases.SFDC_Test_Base">
    <ignored/>
  </testcase> <!-- @BeforeTest callCreateReport -->
  <testcase name="@BeforeTest callCreateReport" time="0.0" classname="sfdc.testcases.SFDC_Test_Base">
    <ignored/>
  </testcase> <!-- @BeforeTest callCreateReport -->
  <testcase name="@BeforeTest callCreateReport" time="0.0" classname="sfdc.testcases.SFDC_Test_Base">
    <ignored/>
  </testcase> <!-- @BeforeTest callCreateReport -->
  <testcase name="@BeforeTest callCreateReport" time="0.0" classname="sfdc.testcases.SFDC_Test_Base">
    <ignored/>
  </testcase> <!-- @BeforeTest callCreateReport -->
  <testcase name="@BeforeTest callCreateReport" time="0.0" classname="sfdc.testcases.SFDC_Test_Base">
    <ignored/>
  </testcase> <!-- @BeforeTest callCreateReport -->
  <testcase name="@BeforeTest callCreateReport" time="0.0" classname="sfdc.testcases.SFDC_Test_Base">
    <ignored/>
  </testcase> <!-- @BeforeTest callCreateReport -->
  <testcase name="@BeforeTest callCreateReport" time="0.0" classname="sfdc.testcases.SFDC_Test_Base">
    <ignored/>
  </testcase> <!-- @BeforeTest callCreateReport -->
  <testcase name="@BeforeTest callCreateReport" time="0.0" classname="sfdc.testcases.SFDC_Test_Base">
    <ignored/>
  </testcase> <!-- @BeforeTest callCreateReport -->
  <testcase name="@BeforeTest callCreateReport" time="0.0" classname="sfdc.testcases.SFDC_Test_Base">
    <ignored/>
  </testcase> <!-- @BeforeTest callCreateReport -->
  <testcase name="@BeforeTest callCreateReport" time="0.0" classname="sfdc.testcases.SFDC_Test_Base">
    <ignored/>
  </testcase> <!-- @BeforeTest callCreateReport -->
</testsuite> <!-- SFDC-Chrome test -->
